C51 COMPILER V9.01   PROJECT_C51_STATIC_LED_SEGMENT_DISPLAY                                08/14/2018 22:02:11 PAGE 1   


C51 COMPILER V9.01, COMPILATION OF MODULE PROJECT_C51_STATIC_LED_SEGMENT_DISPLAY
OBJECT MODULE PLACED IN Project_C51_Static_LED_Segment_Display.OBJ
COMPILER INVOKED BY: C:\MySpace\keil\C51\BIN\C51.EXE Project_C51_Static_LED_Segment_Display.c BROWSE DEBUG OBJECTEXTEND

line level    source

   1          #include "reg51.h"
   2          
   3          typedef unsigned char u8;
   4          
   5          u8 code Static[]={0x3f,0x06,0x5b,0x4f,0x66,0x6d,0x7d,0x07,
   6                                                  0x7f,0x6f,0x77,0x7c,0x39,0x5e,0x79,0x71};
   7          
   8          int main(void)
   9          {
  10   1              P0 = ~Static[11];
  11   1              while (1){
  12   2              }
  13   1              return 0;
  14   1      }


MODULE INFORMATION:   STATIC OVERLAYABLE
   CODE SIZE        =     10    ----
   CONSTANT SIZE    =     16    ----
   XDATA SIZE       =   ----    ----
   PDATA SIZE       =   ----    ----
   DATA SIZE        =   ----    ----
   IDATA SIZE       =   ----    ----
   BIT SIZE         =   ----    ----
END OF MODULE INFORMATION.


C51 COMPILATION COMPLETE.  0 WARNING(S),  0 ERROR(S)
