C51 COMPILER V9.01   PROJECT_C51_88_LED                                                    09/01/2018 20:08:40 PAGE 1   


C51 COMPILER V9.01, COMPILATION OF MODULE PROJECT_C51_88_LED
OBJECT MODULE PLACED IN Project_C51_88_LED.OBJ
COMPILER INVOKED BY: C:\MySpace\keil\C51\BIN\C51.EXE Project_C51_88_LED.c BROWSE DEBUG OBJECTEXTEND

line level    source

   1          #include "reg51.h"
   2          #include "intrins.h"
   3          
   4          typedef unsigned char u8;
   5          
   6          sbit SER = P3^4;
   7          sbit RCLK = P3^5;
   8          sbit SRCLK = P3^6;
   9          
  10          void hc595output(u8 dat1, u8 dat2)
  11          {
  12   1              u8 i;
  13   1      
  14   1              RCLK = 1;
  15   1              SRCLK = 1;
  16   1      
  17   1              for (i=0; i<8; i++){
  18   2                      SER = dat1 >> 7;
  19   2                      dat1 <<= 1;
  20   2      
  21   2                      SRCLK = 0;
  22   2                      _nop_();
  23   2                      SRCLK = 1;
  24   2              }
  25   1              
  26   1              for (i=0; i<8; i++){
  27   2                      SER = dat2 >> 7;
  28   2                      dat2 <<= 1;
  29   2      
  30   2                      SRCLK = 0;
  31   2                      _nop_();
  32   2                      SRCLK = 1;
  33   2              }
  34   1              
  35   1              RCLK = 0;
  36   1              _nop_();
  37   1              RCLK = 1;
  38   1      }
  39                  
  40          int main(void)
  41          {
  42   1              hc595output(0x7f,0x01);
  43   1              while (1){
  44   2              }
  45   1              return 0;
  46   1      }
  47                                                  


MODULE INFORMATION:   STATIC OVERLAYABLE
   CODE SIZE        =     71    ----
   CONSTANT SIZE    =   ----    ----
   XDATA SIZE       =   ----    ----
   PDATA SIZE       =   ----    ----
   DATA SIZE        =   ----    ----
C51 COMPILER V9.01   PROJECT_C51_88_LED                                                    09/01/2018 20:08:40 PAGE 2   

   IDATA SIZE       =   ----    ----
   BIT SIZE         =   ----    ----
END OF MODULE INFORMATION.


C51 COMPILATION COMPLETE.  0 WARNING(S),  0 ERROR(S)
