C51 COMPILER V9.01   PROJECT_C51_BIPOLAR_MOTOR                                             09/06/2018 21:19:24 PAGE 1   


C51 COMPILER V9.01, COMPILATION OF MODULE PROJECT_C51_BIPOLAR_MOTOR
OBJECT MODULE PLACED IN Project_C51_Bipolar_Motor.OBJ
COMPILER INVOKED BY: C:\MySpace\keil\C51\BIN\C51.EXE Project_C51_Bipolar_Motor.c BROWSE DEBUG OBJECTEXTEND

line level    source

   1          #include "reg51.h"
   2          
   3          #define time 200
   4          
   5          typedef unsigned char u8;
   6          typedef unsigned int u16;
   7          
   8          sbit A_P = P1^0;
   9          sbit A_N = P1^1;
  10          sbit B_P = P1^2;
  11          sbit B_N = P1^3;
  12          
  13          void delay(u16 i)
  14          {
  15   1              while (i--);
  16   1      }
  17          
  18          int main(void)
  19          {
  20   1              P1 = 0;
  21   1              while (1){
  22   2                      A_P = 1;
  23   2                      A_N = 0;
  24   2                      B_P = 1;
  25   2                      B_N = 1;
  26   2                      delay(time);
  27   2      
  28   2                      A_P = 0;
  29   2                      A_N = 1;
  30   2                      B_P = 1;
  31   2                      B_N = 1;
  32   2                      delay(time);
  33   2      
  34   2                      A_P = 1;
  35   2                      A_N = 1;
  36   2                      B_P = 1;
  37   2                      B_N = 0;
  38   2                      delay(time);
  39   2      
  40   2                      A_P = 1;
  41   2                      A_N = 1;
  42   2                      B_P = 0;
  43   2                      B_N = 1;
  44   2                      delay(time);
  45   2              }
  46   1              
  47   1              return 0;
  48   1      }


MODULE INFORMATION:   STATIC OVERLAYABLE
   CODE SIZE        =     58    ----
   CONSTANT SIZE    =   ----    ----
   XDATA SIZE       =   ----    ----
   PDATA SIZE       =   ----    ----
C51 COMPILER V9.01   PROJECT_C51_BIPOLAR_MOTOR                                             09/06/2018 21:19:24 PAGE 2   

   DATA SIZE        =   ----    ----
   IDATA SIZE       =   ----    ----
   BIT SIZE         =   ----    ----
END OF MODULE INFORMATION.


C51 COMPILATION COMPLETE.  0 WARNING(S),  0 ERROR(S)
