C51 COMPILER V9.01   PROJECT_C51_IO_EXPAND                                                 08/22/2018 12:04:34 PAGE 1   


C51 COMPILER V9.01, COMPILATION OF MODULE PROJECT_C51_IO_EXPAND
OBJECT MODULE PLACED IN Project_C51_IO_Expand.OBJ
COMPILER INVOKED BY: C:\MySpace\keil\C51\BIN\C51.EXE Project_C51_IO_Expand.c BROWSE DEBUG OBJECTEXTEND

line level    source

   1          #include "reg51.h"
   2          #include "intrins.h"
   3          
   4          typedef unsigned char u8;
   5          
   6          #define LED P0
   7          
   8          sbit SH_LD = P1^6;
   9          sbit QH = P1^7;            //此口工作方式为：一个CLK上升沿，按顺序(HGFEDCBA)吐一个电平位
  10          sbit CLK = P3^6;
  11          
  12          
  13          u8 getData(void)
  14          {
  15   1              u8 Data = 0x00;
  16   1              u8 i;
  17   1      
  18   1              SH_LD = 0;
  19   1              _nop_();
  20   1              SH_LD = 1;
  21   1      
  22   1              for (i=0; i<8; i++){
  23   2                      Data = Data << 1;
  24   2                      CLK = 0;
  25   2                      _nop_();
  26   2                      Data |= QH;
  27   2                      CLK = 1;
  28   2                      _nop_();
  29   2              }
  30   1      
  31   1              return Data;
  32   1      }
  33                  
  34          
  35          int main(void)
  36          {
  37   1              u8 HC165;
  38   1              LED = 0;
  39   1      
  40   1              while (1){
  41   2                      HC165 = getData();
  42   2                      if (HC165 != 0xff){
  43   3                              LED = ~HC165;
  44   3                      }
  45   2              }
  46   1      
  47   1              return 0;
  48   1      }


MODULE INFORMATION:   STATIC OVERLAYABLE
   CODE SIZE        =     45    ----
   CONSTANT SIZE    =   ----    ----
   XDATA SIZE       =   ----    ----
   PDATA SIZE       =   ----    ----
C51 COMPILER V9.01   PROJECT_C51_IO_EXPAND                                                 08/22/2018 12:04:34 PAGE 2   

   DATA SIZE        =   ----    ----
   IDATA SIZE       =   ----    ----
   BIT SIZE         =   ----    ----
END OF MODULE INFORMATION.


C51 COMPILATION COMPLETE.  0 WARNING(S),  0 ERROR(S)
