C51 COMPILER V9.01   VERILOG                                                               08/12/2018 13:11:40 PAGE 1   


C51 COMPILER V9.01, COMPILATION OF MODULE VERILOG
OBJECT MODULE PLACED IN Verilog.OBJ
COMPILER INVOKED BY: C:\MySpace\keil\C51\BIN\C51.EXE Verilog.c BROWSE DEBUG OBJECTEXTEND

line level    source

   1          
   2          
   3          #include "reg52.h"                       
   4          #include<intrins.h>
   5          
   6          typedef unsigned int u16;         
   7          typedef unsigned char u8;
   8          
   9          
  10          #define LED P0           //将单片机的P0.0端口定义为led
  11          
  12          
  13          void delay(u16 i)
  14          {
  15   1              while(i--);     
  16   1      }
  17          
  18          
  19          void main()
  20          {
  21   1              u8 i;                                      //char型为1字节整形，定义为字符串时('a'),所含信息为该字符ASCII码
  22   1              LED = 0x01;
  23   1              delay(50000);
  24   1              while(1)
  25   1              {
  26   2                      for(i=0;i<7;i++){
  27   3                              LED = (0x03<<i);         //将1右移i位，然后将结果赋值到P0口
  28   3                              delay(50000); //大约延时450ms
  29   3                      }
  30   2                      LED = (0x81);
  31   2                      delay(50000);
  32   2              }               
  33   1      }


MODULE INFORMATION:   STATIC OVERLAYABLE
   CODE SIZE        =     51    ----
   CONSTANT SIZE    =   ----    ----
   XDATA SIZE       =   ----    ----
   PDATA SIZE       =   ----    ----
   DATA SIZE        =   ----    ----
   IDATA SIZE       =   ----    ----
   BIT SIZE         =   ----    ----
END OF MODULE INFORMATION.


C51 COMPILATION COMPLETE.  0 WARNING(S),  0 ERROR(S)
