C51 COMPILER V9.01   PROJECT_C51_5040_MOTOR                                                09/05/2018 21:24:39 PAGE 1   


C51 COMPILER V9.01, COMPILATION OF MODULE PROJECT_C51_5040_MOTOR
OBJECT MODULE PLACED IN Project_C51_5040_Motor.OBJ
COMPILER INVOKED BY: C:\MySpace\keil\C51\BIN\C51.EXE Project_C51_5040_Motor.c BROWSE DEBUG OBJECTEXTEND

line level    source

   1          #include "reg51.h"
   2          
   3          typedef unsigned char u8;
   4          typedef unsigned int u16;
   5          
   6          sbit motor = P1^0;
   7          
   8          void delay(u16 i)
   9          {
  10   1              while (i--);
  11   1      }
  12          
  13          int main(void)
  14          {
  15   1              motor = 0;
  16   1              while (1){
  17   2                      motor = 1;
  18   2                      delay(50000);
  19   2                      motor = 0;
  20   2                      delay(50000);
  21   2                      delay(50000);
  22   2                      delay(50000);
  23   2              }
  24   1              
  25   1              return 0;
  26   1      }


MODULE INFORMATION:   STATIC OVERLAYABLE
   CODE SIZE        =     35    ----
   CONSTANT SIZE    =   ----    ----
   XDATA SIZE       =   ----    ----
   PDATA SIZE       =   ----    ----
   DATA SIZE        =   ----    ----
   IDATA SIZE       =   ----    ----
   BIT SIZE         =   ----    ----
END OF MODULE INFORMATION.


C51 COMPILATION COMPLETE.  0 WARNING(S),  0 ERROR(S)
