C51 COMPILER V9.01   FLASH_MACHINE                                                         08/10/2018 22:47:04 PAGE 1   


C51 COMPILER V9.01, COMPILATION OF MODULE FLASH_MACHINE
OBJECT MODULE PLACED IN Flash_machine.OBJ
COMPILER INVOKED BY: C:\MySpace\keil\C51\BIN\C51.EXE Flash_machine.c BROWSE DEBUG OBJECTEXTEND

line level    source

   1          #include "reg51.h"
   2          #include "intrins.h"
   3          
   4          sbit led = P0^0;
   5          
   6          void delay1s(void)   //Îó²î 0us
   7          {
   8   1          unsigned char a,b,c;
   9   1          for(c=167;c>0;c--)
  10   1              for(b=171;b>0;b--)
  11   1                  for(a=16;a>0;a--);
  12   1          _nop_();  //if Keil,require use intrins.h
  13   1      }
  14          
  15          int main(void)
  16          {
  17   1              while (1){
  18   2                      led = 1;
  19   2                      delay1s();
  20   2                      led = 0;
  21   2                      delay1s();      
  22   2              }
  23   1              return 0;
  24   1      }


MODULE INFORMATION:   STATIC OVERLAYABLE
   CODE SIZE        =     26    ----
   CONSTANT SIZE    =   ----    ----
   XDATA SIZE       =   ----    ----
   PDATA SIZE       =   ----    ----
   DATA SIZE        =   ----    ----
   IDATA SIZE       =   ----    ----
   BIT SIZE         =   ----    ----
END OF MODULE INFORMATION.


C51 COMPILATION COMPLETE.  0 WARNING(S),  0 ERROR(S)
