C51 COMPILER V9.01   PROJECT_C51_LED_BUTTON                                                08/18/2018 21:28:22 PAGE 1   


C51 COMPILER V9.01, COMPILATION OF MODULE PROJECT_C51_LED_BUTTON
OBJECT MODULE PLACED IN Project_C51_LED_Button.OBJ
COMPILER INVOKED BY: C:\MySpace\keil\C51\BIN\C51.EXE Project_C51_LED_Button.c BROWSE DEBUG OBJECTEXTEND

line level    source

   1          #include "reg51.h"
   2          
   3          typedef unsigned int u16;
   4          
   5          sbit LED = P0^0;
   6          sbit Button = P1^0;
   7          
   8          void delay(u16 i)
   9          {
  10   1              while (i--);
  11   1      }
  12          
  13          void Push(void)
  14          {
  15   1              if (Button == 0){
  16   2                      delay(1000);
  17   2                      if (Button == 0){
  18   3                              LED = ~LED;
  19   3                      }while (!Button);
  20   2              }
  21   1      }
  22          
  23          int main(void)
  24          {
  25   1              LED = 0;
  26   1              while (1){
  27   2                      Push();
  28   2              }
  29   1              return 0;
  30   1      }


MODULE INFORMATION:   STATIC OVERLAYABLE
   CODE SIZE        =     37    ----
   CONSTANT SIZE    =   ----    ----
   XDATA SIZE       =   ----    ----
   PDATA SIZE       =   ----    ----
   DATA SIZE        =   ----    ----
   IDATA SIZE       =   ----    ----
   BIT SIZE         =   ----    ----
END OF MODULE INFORMATION.


C51 COMPILATION COMPLETE.  0 WARNING(S),  0 ERROR(S)
