C51 COMPILER V9.01   PROJECT_C51_88_LED_CHINESE                                            09/05/2018 20:32:11 PAGE 1   


C51 COMPILER V9.01, COMPILATION OF MODULE PROJECT_C51_88_LED_CHINESE
OBJECT MODULE PLACED IN Project_C51_88_LED_Chinese.OBJ
COMPILER INVOKED BY: C:\MySpace\keil\C51\BIN\C51.EXE Project_C51_88_LED_Chinese.c BROWSE DEBUG OBJECTEXTEND

line level    source

   1          #include "reg51.h"
   2          #include "intrins.h"
   3          
   4          typedef unsigned char u8;
   5          typedef unsigned int u16;
   6          
   7          sbit SER = P3^4;
   8          sbit RCLK = P3^5;
   9          sbit SRCLK = P3^6;
  10          
  11          u8 LEDByte[] = {0x01,0x02,0x04,0x08,0x10,0x20,0x40,0x80};
  12          
  13          u8 LEDSegment[] = {0x00,0x04,0x9F,0xAA,0xAA,0x84,0xCA,0x00};
  14          
  15          void delay(u16 i)
  16          {
  17   1              while (i--);
  18   1      }
  19          
  20          void hc595output(u8 dat1, u8 dat2)
  21          {
  22   1              u8 i;
  23   1      
  24   1              RCLK = 1;
  25   1              SRCLK = 1;
  26   1      
  27   1              for (i=0; i<8; i++){
  28   2                      SER = dat1 >> 7;
  29   2                      dat1 <<= 1;
  30   2      
  31   2                      SRCLK = 0;
  32   2                      _nop_();
  33   2                      SRCLK = 1;
  34   2              }
  35   1              
  36   1              for (i=0; i<8; i++){
  37   2                      SER = dat2 >> 7;
  38   2                      dat2 <<= 1;
  39   2      
  40   2                      SRCLK = 0;
  41   2                      _nop_();
  42   2                      SRCLK = 1;
  43   2              }
  44   1              
  45   1              RCLK = 0;
  46   1              _nop_();
  47   1              RCLK = 1;
  48   1      }
  49                  
  50          int main(void)
  51          {
  52   1              u8 i;
  53   1              
  54   1              while (1){
  55   2                      for (i=0; i<8; i++){
C51 COMPILER V9.01   PROJECT_C51_88_LED_CHINESE                                            09/05/2018 20:32:11 PAGE 2   

  56   3                              hc595output(~LEDSegment[i],LEDByte[i]);
  57   3                              delay(10);
  58   3                      }
  59   2              }
  60   1              
  61   1              return 0;
  62   1      }
  63                                                  


MODULE INFORMATION:   STATIC OVERLAYABLE
   CODE SIZE        =    104    ----
   CONSTANT SIZE    =   ----    ----
   XDATA SIZE       =   ----    ----
   PDATA SIZE       =   ----    ----
   DATA SIZE        =     16    ----
   IDATA SIZE       =   ----    ----
   BIT SIZE         =   ----    ----
END OF MODULE INFORMATION.


C51 COMPILATION COMPLETE.  0 WARNING(S),  0 ERROR(S)
