C51 COMPILER V9.01   PROJECT_C51_MATRIX_BUTTON                                             08/19/2018 15:25:55 PAGE 1   


C51 COMPILER V9.01, COMPILATION OF MODULE PROJECT_C51_MATRIX_BUTTON
OBJECT MODULE PLACED IN Project_C51_Matrix_Button.OBJ
COMPILER INVOKED BY: C:\MySpace\keil\C51\BIN\C51.EXE Project_C51_Matrix_Button.c BROWSE DEBUG OBJECTEXTEND

line level    source

   1          #include "reg51.h"
   2          
   3          typedef unsigned char u8;
   4          typedef unsigned int u16;
   5          
   6          #define GPIO_DIG P0
   7          #define GPIO_KEY P1
   8          
   9          u8 code smgduan[17]={0x3f,0x06,0x5b,0x4f,0x66,0x6d,0x7d,0x07,
  10                                                  0x7f,0x6f,0x77,0x7c,0x39,0x5e,0x79,0x71};
  11          
  12          void delay(u16 i)
  13          {
  14   1              while (i--);
  15   1      }
  16          
  17          u8 KeyValue;
  18          
  19          
  20          void PushButton(void)
  21          {
  22   1              u8 a = 0x00;
  23   1              GPIO_KEY = 0x0f;
  24   1      
  25   1              //char a = 0x00;   c89中不允许局部变量声明放在任意位置(C99)，只能放在函数顶端
  26   1      
  27   1              if (GPIO_KEY != 0x0f){
  28   2                      delay(1000);
  29   2                      if (GPIO_KEY != 0x0f){
  30   3                              GPIO_KEY = 0x0f;
  31   3                              switch (GPIO_KEY){
  32   4                                      case 0x07:
  33   4                                              KeyValue = 0;
  34   4                                              break;
  35   4                                      case 0x0b:
  36   4                                              KeyValue = 1;
  37   4                                              break;
  38   4                                      case 0x0d:
  39   4                                              KeyValue = 2;
  40   4                                              break;
  41   4                                      case 0x0e:
  42   4                                              KeyValue = 3;
  43   4                                              break;
  44   4                              }
  45   3                              GPIO_KEY = 0xf0;
  46   3                              switch (GPIO_KEY){
  47   4                                      case 0x70:
  48   4                                              KeyValue = KeyValue;
  49   4                                              break;
  50   4                                      case 0xb0:
  51   4                                              KeyValue = KeyValue + 4;
  52   4                                              break;
  53   4                                      case 0xd0:
  54   4                                              KeyValue = KeyValue + 8;
  55   4                                              break;
C51 COMPILER V9.01   PROJECT_C51_MATRIX_BUTTON                                             08/19/2018 15:25:55 PAGE 2   

  56   4                                      case 0xe0:
  57   4                                              KeyValue = KeyValue + 12;
  58   4                                              break;
  59   4                              }
  60   3                              while ((a<50) && (GPIO_KEY != 0xf0)){
  61   4                                      delay(1000);
  62   4                                      a++;
  63   4                              }
  64   3                      }
  65   2              }
  66   1      }
  67          
  68          int main(void)
  69          {
  70   1              while (1){
  71   2                      PushButton();
  72   2                      GPIO_DIG = ~smgduan[KeyValue];
  73   2              }
  74   1              return 0;
  75   1      }
  76                   


MODULE INFORMATION:   STATIC OVERLAYABLE
   CODE SIZE        =    155    ----
   CONSTANT SIZE    =     17    ----
   XDATA SIZE       =   ----    ----
   PDATA SIZE       =   ----    ----
   DATA SIZE        =      1       1
   IDATA SIZE       =   ----    ----
   BIT SIZE         =   ----    ----
END OF MODULE INFORMATION.


C51 COMPILATION COMPLETE.  0 WARNING(S),  0 ERROR(S)
