C51 COMPILER V9.01   PROJECT_C51_BUZZER                                                    08/30/2018 23:01:28 PAGE 1   


C51 COMPILER V9.01, COMPILATION OF MODULE PROJECT_C51_BUZZER
OBJECT MODULE PLACED IN Project_C51_Buzzer.OBJ
COMPILER INVOKED BY: C:\MySpace\keil\C51\BIN\C51.EXE Project_C51_Buzzer.c BROWSE DEBUG OBJECTEXTEND

line level    source

   1          #include "reg51.h"
   2          #include <intrins.h>
   3          
   4          typedef unsigned int u16;
   5          typedef unsigned char u8;
   6          
   7          sbit Buzzer = P1^5;
   8          
   9          void delay(u16 i)
  10          {
  11   1              while (i--);
  12   1      }
  13          
  14          
  15          
  16          int main(void)
  17          {
  18   1              u16 i;
  19   1              while (1){
  20   2                      i = 0x00;
  21   2                      while (i<=500){
  22   3                              Buzzer = 0x01;
  23   3                              delay(100);
  24   3                              Buzzer = 0x00;
  25   3                              delay(100);
  26   3                              i++;
  27   3                      }       
  28   2                      Buzzer = 0x01;
  29   2                      delay(50000);
  30   2                      delay(50000);
  31   2              }
  32   1              return 0;
  33   1      }


MODULE INFORMATION:   STATIC OVERLAYABLE
   CODE SIZE        =     61    ----
   CONSTANT SIZE    =   ----    ----
   XDATA SIZE       =   ----    ----
   PDATA SIZE       =   ----    ----
   DATA SIZE        =   ----    ----
   IDATA SIZE       =   ----    ----
   BIT SIZE         =   ----    ----
END OF MODULE INFORMATION.


C51 COMPILATION COMPLETE.  0 WARNING(S),  0 ERROR(S)
