C51 COMPILER V9.01   PROJECT_C51_INTERRUPT                                                 09/07/2018 17:51:17 PAGE 1   


C51 COMPILER V9.01, COMPILATION OF MODULE PROJECT_C51_INTERRUPT
OBJECT MODULE PLACED IN Project_C51_Interrupt.OBJ
COMPILER INVOKED BY: C:\MySpace\keil\C51\BIN\C51.EXE Project_C51_Interrupt.c BROWSE DEBUG OBJECTEXTEND

line level    source

   1          #include "reg51.h"
   2          
   3          typedef unsigned int u16;
   4          
   5          sbit LED1 = P2^0;
   6          sbit LED2 = P2^1;
   7          sbit K3 = P3^2;
   8          sbit K4 = P3^3;
   9          
  10          void delay(u16 i)
  11          {
  12   1              while (i--);
  13   1      }
  14          
  15          void INTInterrupt(void)
  16          {
  17   1              IT0 = 1;
  18   1              IT1 = 1;
  19   1              EX0 = 1;
  20   1              EX1 = 1;
  21   1              EA = 1;
  22   1      }
  23          
  24          void Int0(void) interrupt 0
  25          {
  26   1              delay(1000);
  27   1              if (K3 == 0){
  28   2                      LED1 = ~LED1;
  29   2              }
  30   1      }       
  31          
  32          void Int1(void) interrupt 2
  33          {
  34   1              delay(1000);
  35   1              if (K4 == 0){
  36   2                      LED2 = ~LED2;
  37   2              }
  38   1      }       
  39          
  40          int main(void)
  41          {
  42   1              LED1 = 0;
  43   1              LED2 = 0;
  44   1              INTInterrupt();
  45   1      
  46   1              while (1){
  47   2              }
  48   1      
  49   1              return 0;
  50   1      }


MODULE INFORMATION:   STATIC OVERLAYABLE
   CODE SIZE        =    103    ----
   CONSTANT SIZE    =   ----    ----
C51 COMPILER V9.01   PROJECT_C51_INTERRUPT                                                 09/07/2018 17:51:17 PAGE 2   

   XDATA SIZE       =   ----    ----
   PDATA SIZE       =   ----    ----
   DATA SIZE        =   ----    ----
   IDATA SIZE       =   ----    ----
   BIT SIZE         =   ----    ----
END OF MODULE INFORMATION.


C51 COMPILATION COMPLETE.  0 WARNING(S),  0 ERROR(S)
