C51 COMPILER V9.01   PROJECT_C51_IO                                                        08/31/2018 11:49:08 PAGE 1   


C51 COMPILER V9.01, COMPILATION OF MODULE PROJECT_C51_IO
OBJECT MODULE PLACED IN Project_C51_IO.OBJ
COMPILER INVOKED BY: C:\MySpace\keil\C51\BIN\C51.EXE Project_C51_IO.c BROWSE DEBUG OBJECTEXTEND

line level    source

   1          #include "reg51.h"
   2          #include "intrins.h"
   3          
   4          typedef unsigned char u8;
   5          typedef unsigned int u16;
   6          
   7          sbit SER = P3^4;
   8          sbit RCLK = P3^5;
   9          sbit SRCLK = P3^6;
  10          
  11          void delay(u16 i)
  12          {
  13   1              while (i--);
  14   1      }
  15          
  16          void hc595output(u8 dat)
  17          {
  18   1              u8 i;
  19   1      
  20   1              SRCLK = 1;
  21   1              RCLK = 1;
  22   1      
  23   1              for (i=0; i<8; i++){
  24   2                      SER = dat >> 7;
  25   2                      dat <<= 1;
  26   2                      
  27   2                      SRCLK = 0;
  28   2                      _nop_();
  29   2                      SRCLK = 1;
  30   2              }
  31   1      
  32   1              RCLK = 0;
  33   1              _nop_();
  34   1              RCLK = 1;
  35   1      }
  36          
  37          int main(void)
  38          {
  39   1              u8 LEDnum = 0x01;
  40   1              while (1){
  41   2                      hc595output(LEDnum);
  42   2                      LEDnum = _crol_(LEDnum,1);
  43   2                      delay(50000);
  44   2              }
  45   1              return 0;
  46   1      }
  47          
  48          
  49                          
  50                    


MODULE INFORMATION:   STATIC OVERLAYABLE
   CODE SIZE        =     75    ----
   CONSTANT SIZE    =   ----    ----
C51 COMPILER V9.01   PROJECT_C51_IO                                                        08/31/2018 11:49:08 PAGE 2   

   XDATA SIZE       =   ----    ----
   PDATA SIZE       =   ----    ----
   DATA SIZE        =   ----    ----
   IDATA SIZE       =   ----    ----
   BIT SIZE         =   ----    ----
END OF MODULE INFORMATION.


C51 COMPILATION COMPLETE.  0 WARNING(S),  0 ERROR(S)
