C51 COMPILER V9.01   PROJECT_C51_DYNAMIC_LED_SEGMENT_DISPLAY                               08/14/2018 22:18:25 PAGE 1   


C51 COMPILER V9.01, COMPILATION OF MODULE PROJECT_C51_DYNAMIC_LED_SEGMENT_DISPLAY
OBJECT MODULE PLACED IN Project_C51_Dynamic_LED_Segment_Display.OBJ
COMPILER INVOKED BY: C:\MySpace\keil\C51\BIN\C51.EXE Project_C51_Dynamic_LED_Segment_Display.c BROWSE DEBUG OBJECTEXTEND

line level    source

   1          #include "reg51.h"
   2          
   3          sbit LSA = P2^2;
   4          sbit LSB = P2^3;
   5          sbit LSC = P2^4;
   6          
   7          void delay(unsigned int i)
   8          {
   9   1              while (i--);
  10   1      }
  11          
  12          unsigned char code duan[] = {0x3f,0x06,0x5b,0x4f,0x66,0x6d,0x7d,0x07,
  13                                                  0x7f,0x6f,0x77,0x7c,0x39,0x5e,0x79,0x71};
  14          
  15          void DynamicDisplay(void)
  16          {
  17   1              unsigned char i;
  18   1              for (i=0; i<8; i++){
  19   2                      switch (i){
  20   3                              case 0:
  21   3                                      LSA = 0;
  22   3                                      LSB = 0;
  23   3                                      LSC = 0;
  24   3                                      break;
  25   3                              case 1:
  26   3                                      LSA = 1;
  27   3                                      LSB = 0;
  28   3                                      LSC = 0;
  29   3                                      break;
  30   3                              case 2:
  31   3                                      LSA = 0;
  32   3                                      LSB = 1;
  33   3                                      LSC = 0;
  34   3                                      break;
  35   3                              case 3:
  36   3                                      LSA = 1;
  37   3                                      LSB = 1;
  38   3                                      LSC = 0;
  39   3                                      break;
  40   3                              case 4:
  41   3                                      LSA = 0;
  42   3                                      LSB = 0;
  43   3                                      LSC = 1;
  44   3                                      break;
  45   3                              case 5:
  46   3                                      LSA = 1;
  47   3                                      LSB = 0;
  48   3                                      LSC = 1;
  49   3                                      break;
  50   3                              case 6:
  51   3                                      LSA = 0;
  52   3                                      LSB = 1;
  53   3                                      LSC = 1;
  54   3                                      break;
  55   3                              case 7:
C51 COMPILER V9.01   PROJECT_C51_DYNAMIC_LED_SEGMENT_DISPLAY                               08/14/2018 22:18:25 PAGE 2   

  56   3                                      LSA = 1;
  57   3                                      LSB = 1;
  58   3                                      LSC = 1;
  59   3                                      break;   
  60   3                      }
  61   2                      P0 = duan[i];
  62   2                      delay(50);
  63   2                      P0 = 0x00;
  64   2              }
  65   1      }
  66          
  67          int main(void)
  68          {
  69   1              while (1){
  70   2                      DynamicDisplay();
  71   2              }
  72   1              return 0;
  73   1      }
  74          
  75          
  76          
  77          
  78          
  79          
  80          
  81          
  82          
  83          
  84          
  85          
  86          
  87          


MODULE INFORMATION:   STATIC OVERLAYABLE
   CODE SIZE        =    125    ----
   CONSTANT SIZE    =     16    ----
   XDATA SIZE       =   ----    ----
   PDATA SIZE       =   ----    ----
   DATA SIZE        =   ----    ----
   IDATA SIZE       =   ----    ----
   BIT SIZE         =   ----    ----
END OF MODULE INFORMATION.


C51 COMPILATION COMPLETE.  0 WARNING(S),  0 ERROR(S)
