C51 COMPILER V9.01   PROJECT_C51_PULSE_SIGNAL                                              09/30/2018 12:16:02 PAGE 1   


C51 COMPILER V9.01, COMPILATION OF MODULE PROJECT_C51_PULSE_SIGNAL
OBJECT MODULE PLACED IN Project_C51_Pulse_Signal.OBJ
COMPILER INVOKED BY: C:\MySpace\keil\C51\BIN\C51.EXE Project_C51_Pulse_Signal.c BROWSE DEBUG OBJECTEXTEND

line level    source

   1          #include "reg51.h"
   2          
   3          sbit LSA = P2^2;
   4          sbit LSB = P2^3;
   5          sbit LSC = P2^4;
   6          
   7          #define GPIO_DIG P0
   8          
   9          
  10          typedef unsigned int u16;
  11          typedef unsigned char u8;
  12          
  13          u8 code duan[17] = {0x3f,0x06,0x5b,0x4f,0x66,0x6d,0x7d,0x07,
  14                                                  0x7f,0x6f,0x77,0x7c,0x39,0x5e,0x79,0x71};
  15          
  16          u8 DATADisplay[8];
  17          
  18          unsigned long int Count;
  19          unsigned long int Frequency;
  20          
  21          
  22          void delay(u16 i)
  23          {
  24   1              while (i--);
  25   1      }
  26          
  27          void DynamicDisplay(void)
  28          {
  29   1              u8 i;
  30   1              for (i=0; i<8; i++){
  31   2                      switch (i){
  32   3                              case 0:
  33   3                                      LSA = 0;
  34   3                                      LSB = 0;
  35   3                                      LSC = 0;
  36   3                                      break;
  37   3                              case 1:
  38   3                                      LSA = 1;
  39   3                                      LSB = 0;
  40   3                                      LSC = 0;
  41   3                                      break;
  42   3                              case 2:
  43   3                                      LSA = 0;
  44   3                                      LSB = 1;
  45   3                                      LSC = 0;
  46   3                                      break;
  47   3                              case 3:
  48   3                                      LSA = 1;
  49   3                                      LSB = 1;
  50   3                                      LSC = 0;
  51   3                                      break;
  52   3                              case 4:
  53   3                                      LSA = 0;
  54   3                                      LSB = 0;
  55   3                                      LSC = 1;
C51 COMPILER V9.01   PROJECT_C51_PULSE_SIGNAL                                              09/30/2018 12:16:02 PAGE 2   

  56   3                                      break;
  57   3                              case 5:
  58   3                                      LSA = 1;
  59   3                                      LSB = 0;
  60   3                                      LSC = 1;
  61   3                                      break;
  62   3                              case 6:
  63   3                                      LSA = 0;
  64   3                                      LSB = 1;
  65   3                                      LSC = 1;
  66   3                                      break;
  67   3                              case 7:
  68   3                                      LSA = 1;
  69   3                                      LSB = 1;
  70   3                                      LSC = 1;
  71   3                                      break;   
  72   3                      }
  73   2                      GPIO_DIG = DATADisplay[i];
  74   2                      delay(100);
  75   2                      GPIO_DIG = 0x00;        //消影
  76   2              }
  77   1      }
  78          
  79          
  80          
  81          void TimerConfig(void)
  82          {
  83   1              TMOD |= 0x51;   //0101 0001   启动T1计数，T0计时 都为模式01（8+8）
  84   1      
  85   1              TH0 = 0x3C;
  86   1              TL0 = 0xB0;     //50ms计时
  87   1      
  88   1              ET0 = 1;    //打开T0的中断允许
  89   1              ET1 = 1;
  90   1              EA = 1;         //打开中断总开关
  91   1              TR0 = 1;        //打开T0计时器
  92   1              TR1 = 1;
  93   1      }
  94          
  95          
  96          
  97          
  98          void Timer0(void) interrupt 1
  99          {
 100   1              TH0 = 0x3C;
 101   1              TL0 = 0xB0;
 102   1              Count++;
 103   1              if (Count == 20){       //达到1s
 104   2                      Count = 0;
 105   2                      TR0 = 0;
 106   2                      TR1 = 0;        //关闭T1 T0
 107   2              }
 108   1      }
 109          
 110          void Timer1(void) interrupt 3
 111          {
 112   1              Frequency += 65536;     //计数器溢出一次就算一次之前总的计数
 113   1      }
 114          
 115          int main(void)
 116          {
 117   1              TimerConfig();
C51 COMPILER V9.01   PROJECT_C51_PULSE_SIGNAL                                              09/30/2018 12:16:02 PAGE 3   

 118   1              
 119   1              while (1){
 120   2                      if (TR1 == 0){
 121   3                              Frequency += (TH1 * 256) + TL1;         //加上最后一次未加上的值
 122   3                                                                      //65536*20 = 1310720(7位数）
 123   3                              DATADisplay[0] = duan[Frequency %100000000/10000000];
 124   3                              DATADisplay[1] = duan[Frequency %10000000/1000000];
 125   3                              DATADisplay[2] = duan[Frequency %1000000/100000];
 126   3                              DATADisplay[3] = duan[Frequency %100000/10000];
 127   3                              DATADisplay[4] = duan[Frequency %10000/1000];
 128   3                              DATADisplay[5] = duan[Frequency %1000/100];
 129   3                              DATADisplay[6] = duan[Frequency %100/10];
 130   3                              DATADisplay[7] = duan[Frequency %10/1];
 131   3                              
 132   3                              Frequency = 0;
 133   3                              TH1 = 0;
 134   3                              TL1 = 0;
 135   3                              TR0 = 1;
 136   3                              TR1 = 1;
 137   3                      }
 138   2                      DynamicDisplay();
 139   2              }       
 140   1                      
 141   1              return 0;
 142   1      }
 143                  
 144          
 145                                  
 146                                  
 147                                  
 148                                  
 149                          
 150          
 151          
 152                                  
 153                                  
 154                                  
 155                                  
 156                          
 157                  
 158                  


MODULE INFORMATION:   STATIC OVERLAYABLE
   CODE SIZE        =    737    ----
   CONSTANT SIZE    =     17    ----
   XDATA SIZE       =   ----    ----
   PDATA SIZE       =   ----    ----
   DATA SIZE        =     16    ----
   IDATA SIZE       =   ----    ----
   BIT SIZE         =   ----    ----
END OF MODULE INFORMATION.


C51 COMPILATION COMPLETE.  0 WARNING(S),  0 ERROR(S)
