C51 COMPILER V9.01   RELAY                                                                 08/14/2018 12:54:52 PAGE 1   


C51 COMPILER V9.01, COMPILATION OF MODULE RELAY
OBJECT MODULE PLACED IN Relay.OBJ
COMPILER INVOKED BY: C:\MySpace\keil\C51\BIN\C51.EXE Relay.c BROWSE DEBUG OBJECTEXTEND

line level    source

   1          #include "reg51.h"
   2          #include "intrins.h"
   3          
   4          sbit Relay = P1^4;
   5          
   6          int main(void)
   7          {
   8   1              Relay = 0;
   9   1              while (1){
  10   2              }
  11   1              return 0;
  12   1      }


MODULE INFORMATION:   STATIC OVERLAYABLE
   CODE SIZE        =      4    ----
   CONSTANT SIZE    =   ----    ----
   XDATA SIZE       =   ----    ----
   PDATA SIZE       =   ----    ----
   DATA SIZE        =   ----    ----
   IDATA SIZE       =   ----    ----
   BIT SIZE         =   ----    ----
END OF MODULE INFORMATION.


C51 COMPILATION COMPLETE.  0 WARNING(S),  0 ERROR(S)
